Grammar

    0 $accept: tokenlist $end

    1 tokenlist: tokenlist token
    2          | token

    3 token: ID
    4      | NUMCONST
    5      | CHARCONST
    6      | STRINGCONST
    7      | STATIC
    8      | INT
    9      | BOOL
   10      | CHAR
   11      | IF
   12      | THEN
   13      | ELSE
   14      | WHILE
   15      | DO
   16      | FOR
   17      | TO
   18      | BY
   19      | RETURN
   20      | BREAK
   21      | OR
   22      | AND
   23      | NOT
   24      | GEQ
   25      | LEQ
   26      | EQ
   27      | NEQ
   28      | MAX
   29      | MIN
   30      | ADDASS
   31      | SUBASS
   32      | MULASS
   33      | DIVASS
   34      | INC
   35      | DEC
   36      | BOOLCONST
   37      | '>'
   38      | '<'
   39      | '+'
   40      | '-'
   41      | '*'
   42      | '/'
   43      | '%'
   44      | '{'
   45      | '}'
   46      | '('
   47      | ')'
   48      | '['
   49      | ']'
   50      | ':'
   51      | ';'
   52      | '='
   53      | ','
   54      | '?'


Terminals, with rules where they appear

$end (0) 0
'%' (37) 43
'(' (40) 46
')' (41) 47
'*' (42) 41
'+' (43) 39
',' (44) 53
'-' (45) 40
'/' (47) 42
':' (58) 50
';' (59) 51
'<' (60) 38
'=' (61) 52
'>' (62) 37
'?' (63) 54
'[' (91) 48
']' (93) 49
'{' (123) 44
'}' (125) 45
error (256)
STATIC (258) 7
INT (259) 8
BOOL (260) 9
CHAR (261) 10
IF (262) 11
THEN (263) 12
ELSE (264) 13
WHILE (265) 14
DO (266) 15
FOR (267) 16
TO (268) 17
BY (269) 18
RETURN (270) 19
BREAK (271) 20
OR (272) 21
AND (273) 22
NOT (274) 23
GEQ (275) 24
LEQ (276) 25
EQ (277) 26
NEQ (278) 27
MAX (279) 28
MIN (280) 29
ADDASS (281) 30
SUBASS (282) 31
MULASS (283) 32
DIVASS (284) 33
INC (285) 34
DEC (286) 35
CHARCONST (287) 5
ID (288) 3
NUMCONST (289) 4
STRINGCONST (290) 6
BOOLCONST (291) 36


Nonterminals, with rules where they appear

$accept (55)
    on left: 0
tokenlist (56)
    on left: 1 2, on right: 0 1
token (57)
    on left: 3 4 5 6 7 8 9 10 11 12 13 14 15 16 17 18 19 20 21 22 23
    24 25 26 27 28 29 30 31 32 33 34 35 36 37 38 39 40 41 42 43 44
    45 46 47 48 49 50 51 52 53 54, on right: 1 2


State 0

    0 $accept: . tokenlist $end

    STATIC       shift, and go to state 1
    INT          shift, and go to state 2
    BOOL         shift, and go to state 3
    CHAR         shift, and go to state 4
    IF           shift, and go to state 5
    THEN         shift, and go to state 6
    ELSE         shift, and go to state 7
    WHILE        shift, and go to state 8
    DO           shift, and go to state 9
    FOR          shift, and go to state 10
    TO           shift, and go to state 11
    BY           shift, and go to state 12
    RETURN       shift, and go to state 13
    BREAK        shift, and go to state 14
    OR           shift, and go to state 15
    AND          shift, and go to state 16
    NOT          shift, and go to state 17
    GEQ          shift, and go to state 18
    LEQ          shift, and go to state 19
    EQ           shift, and go to state 20
    NEQ          shift, and go to state 21
    MAX          shift, and go to state 22
    MIN          shift, and go to state 23
    ADDASS       shift, and go to state 24
    SUBASS       shift, and go to state 25
    MULASS       shift, and go to state 26
    DIVASS       shift, and go to state 27
    INC          shift, and go to state 28
    DEC          shift, and go to state 29
    CHARCONST    shift, and go to state 30
    ID           shift, and go to state 31
    NUMCONST     shift, and go to state 32
    STRINGCONST  shift, and go to state 33
    BOOLCONST    shift, and go to state 34
    '>'          shift, and go to state 35
    '<'          shift, and go to state 36
    '+'          shift, and go to state 37
    '-'          shift, and go to state 38
    '*'          shift, and go to state 39
    '/'          shift, and go to state 40
    '%'          shift, and go to state 41
    '{'          shift, and go to state 42
    '}'          shift, and go to state 43
    '('          shift, and go to state 44
    ')'          shift, and go to state 45
    '['          shift, and go to state 46
    ']'          shift, and go to state 47
    ';'          shift, and go to state 48
    '='          shift, and go to state 49
    ':'          shift, and go to state 50
    ','          shift, and go to state 51
    '?'          shift, and go to state 52

    tokenlist  go to state 53
    token      go to state 54


State 1

    7 token: STATIC .

    $default  reduce using rule 7 (token)


State 2

    8 token: INT .

    $default  reduce using rule 8 (token)


State 3

    9 token: BOOL .

    $default  reduce using rule 9 (token)


State 4

   10 token: CHAR .

    $default  reduce using rule 10 (token)


State 5

   11 token: IF .

    $default  reduce using rule 11 (token)


State 6

   12 token: THEN .

    $default  reduce using rule 12 (token)


State 7

   13 token: ELSE .

    $default  reduce using rule 13 (token)


State 8

   14 token: WHILE .

    $default  reduce using rule 14 (token)


State 9

   15 token: DO .

    $default  reduce using rule 15 (token)


State 10

   16 token: FOR .

    $default  reduce using rule 16 (token)


State 11

   17 token: TO .

    $default  reduce using rule 17 (token)


State 12

   18 token: BY .

    $default  reduce using rule 18 (token)


State 13

   19 token: RETURN .

    $default  reduce using rule 19 (token)


State 14

   20 token: BREAK .

    $default  reduce using rule 20 (token)


State 15

   21 token: OR .

    $default  reduce using rule 21 (token)


State 16

   22 token: AND .

    $default  reduce using rule 22 (token)


State 17

   23 token: NOT .

    $default  reduce using rule 23 (token)


State 18

   24 token: GEQ .

    $default  reduce using rule 24 (token)


State 19

   25 token: LEQ .

    $default  reduce using rule 25 (token)


State 20

   26 token: EQ .

    $default  reduce using rule 26 (token)


State 21

   27 token: NEQ .

    $default  reduce using rule 27 (token)


State 22

   28 token: MAX .

    $default  reduce using rule 28 (token)


State 23

   29 token: MIN .

    $default  reduce using rule 29 (token)


State 24

   30 token: ADDASS .

    $default  reduce using rule 30 (token)


State 25

   31 token: SUBASS .

    $default  reduce using rule 31 (token)


State 26

   32 token: MULASS .

    $default  reduce using rule 32 (token)


State 27

   33 token: DIVASS .

    $default  reduce using rule 33 (token)


State 28

   34 token: INC .

    $default  reduce using rule 34 (token)


State 29

   35 token: DEC .

    $default  reduce using rule 35 (token)


State 30

    5 token: CHARCONST .

    $default  reduce using rule 5 (token)


State 31

    3 token: ID .

    $default  reduce using rule 3 (token)


State 32

    4 token: NUMCONST .

    $default  reduce using rule 4 (token)


State 33

    6 token: STRINGCONST .

    $default  reduce using rule 6 (token)


State 34

   36 token: BOOLCONST .

    $default  reduce using rule 36 (token)


State 35

   37 token: '>' .

    $default  reduce using rule 37 (token)


State 36

   38 token: '<' .

    $default  reduce using rule 38 (token)


State 37

   39 token: '+' .

    $default  reduce using rule 39 (token)


State 38

   40 token: '-' .

    $default  reduce using rule 40 (token)


State 39

   41 token: '*' .

    $default  reduce using rule 41 (token)


State 40

   42 token: '/' .

    $default  reduce using rule 42 (token)


State 41

   43 token: '%' .

    $default  reduce using rule 43 (token)


State 42

   44 token: '{' .

    $default  reduce using rule 44 (token)


State 43

   45 token: '}' .

    $default  reduce using rule 45 (token)


State 44

   46 token: '(' .

    $default  reduce using rule 46 (token)


State 45

   47 token: ')' .

    $default  reduce using rule 47 (token)


State 46

   48 token: '[' .

    $default  reduce using rule 48 (token)


State 47

   49 token: ']' .

    $default  reduce using rule 49 (token)


State 48

   51 token: ';' .

    $default  reduce using rule 51 (token)


State 49

   52 token: '=' .

    $default  reduce using rule 52 (token)


State 50

   50 token: ':' .

    $default  reduce using rule 50 (token)


State 51

   53 token: ',' .

    $default  reduce using rule 53 (token)


State 52

   54 token: '?' .

    $default  reduce using rule 54 (token)


State 53

    0 $accept: tokenlist . $end
    1 tokenlist: tokenlist . token

    $end         shift, and go to state 55
    STATIC       shift, and go to state 1
    INT          shift, and go to state 2
    BOOL         shift, and go to state 3
    CHAR         shift, and go to state 4
    IF           shift, and go to state 5
    THEN         shift, and go to state 6
    ELSE         shift, and go to state 7
    WHILE        shift, and go to state 8
    DO           shift, and go to state 9
    FOR          shift, and go to state 10
    TO           shift, and go to state 11
    BY           shift, and go to state 12
    RETURN       shift, and go to state 13
    BREAK        shift, and go to state 14
    OR           shift, and go to state 15
    AND          shift, and go to state 16
    NOT          shift, and go to state 17
    GEQ          shift, and go to state 18
    LEQ          shift, and go to state 19
    EQ           shift, and go to state 20
    NEQ          shift, and go to state 21
    MAX          shift, and go to state 22
    MIN          shift, and go to state 23
    ADDASS       shift, and go to state 24
    SUBASS       shift, and go to state 25
    MULASS       shift, and go to state 26
    DIVASS       shift, and go to state 27
    INC          shift, and go to state 28
    DEC          shift, and go to state 29
    CHARCONST    shift, and go to state 30
    ID           shift, and go to state 31
    NUMCONST     shift, and go to state 32
    STRINGCONST  shift, and go to state 33
    BOOLCONST    shift, and go to state 34
    '>'          shift, and go to state 35
    '<'          shift, and go to state 36
    '+'          shift, and go to state 37
    '-'          shift, and go to state 38
    '*'          shift, and go to state 39
    '/'          shift, and go to state 40
    '%'          shift, and go to state 41
    '{'          shift, and go to state 42
    '}'          shift, and go to state 43
    '('          shift, and go to state 44
    ')'          shift, and go to state 45
    '['          shift, and go to state 46
    ']'          shift, and go to state 47
    ';'          shift, and go to state 48
    '='          shift, and go to state 49
    ':'          shift, and go to state 50
    ','          shift, and go to state 51
    '?'          shift, and go to state 52

    token  go to state 56


State 54

    2 tokenlist: token .

    $default  reduce using rule 2 (tokenlist)


State 55

    0 $accept: tokenlist $end .

    $default  accept


State 56

    1 tokenlist: tokenlist token .

    $default  reduce using rule 1 (tokenlist)
