====================================
FILE: tinyInit2.c-
WARNING(13): Variable 'b' may be uninitialized when used here.
Var: a  array of type int [line: 2]
Sibling: 1  Var: x  type int [line: 3]
.   Child: 0  Op: + of type int [line: 3]
.   .   Child: 0  Const 666 of type int [line: 3]
.   .   Child: 1  Op: * of type int [line: 3]
.   .   .   Child: 0  Const 777 of type int [line: 3]
.   .   .   Child: 1  Const 888 of type int [line: 3]
Sibling: 2  Func: main returns type void [line: 5]
.   Child: 1  Compound [mem: None loc: 0 size: -26] [line: 6]
.   .   Child: 0  Var: b  array of type int [line: 7]
.   .   Sibling: 1  Var: y  type int [line: 8]
.   .   .   Child: 0  Op: + of type int [line: 8]
.   .   .   .   Child: 0  Const 777 of type int [line: 8]
.   .   .   .   Child: 1  Op: * of type int [line: 8]
.   .   .   .   .   Child: 0  Const 666 of type int [line: 8]
.   .   .   .   .   Child: 1  Const 888 of type int [line: 8]
.   .   Sibling: 2  Var: c  static array of type int [line: 9]
.   .   Sibling: 3  Var: z  static type int [line: 10]
.   .   .   Child: 0  Op: + of type int [line: 10]
.   .   .   .   Child: 0  Const 888 of type int [line: 10]
.   .   .   .   Child: 1  Op: * of type int [line: 10]
.   .   .   .   .   Child: 0  Const 777 of type int [line: 10]
.   .   .   .   .   Child: 1  Const 666 of type int [line: 10]
.   .   Child: 1  Call: output of type void [line: 12]
.   .   .   Child: 0  Op: sizeof of type int [line: 12]
.   .   .   .   Child: 0  Id: a [mem: Global loc: -1 size: 12] of array of type int [line: 12]
.   .   Sibling: 1  Call: output of type void [line: 13]
.   .   .   Child: 0  Op: sizeof of type int [line: 13]
.   .   .   .   Child: 0  Id: b [mem: Local loc: -3 size: 23] of array of type int [line: 13]
.   .   Sibling: 2  Call: output of type void [line: 14]
.   .   .   Child: 0  Op: sizeof of type int [line: 14]
.   .   .   .   Child: 0  Id: c [mem: LocalStatic loc: -14 size: 34] of static array of type int [line: 14]
.   .   Sibling: 3  Call: outnl of type void [line: 15]
.   .   Sibling: 4  Call: output of type void [line: 17]
.   .   .   Child: 0  Id: x [mem: Global loc: -12 size: 1] of type int [line: 17]
.   .   Sibling: 5  Call: output of type void [line: 18]
.   .   .   Child: 0  Id: y [mem: Local loc: -25 size: 1] of type int [line: 18]
.   .   Sibling: 6  Call: output of type void [line: 19]
.   .   .   Child: 0  Id: z [mem: LocalStatic loc: -47 size: 1] of static type int [line: 19]
.   .   Sibling: 7  Call: outnl of type void [line: 20]
.   .   Sibling: 8  Assign: = of type int [line: 22]
.   .   .   Child: 0  Id: z [mem: LocalStatic loc: -47 size: 1] of static type int [line: 22]
.   .   .   Child: 1  Const 999 of type int [line: 22]
Number of warnings: 1
Number of errors: 0
