====================================
FILE: tinyCall3.c-
Func: three returns type int [line: 2]
.   Child: 0  Parm: z  array of type int [line: 2]
.   Child: 1  Compound [mem: None loc: 0 size: -3] [line: 2]
.   .   Child: 1  Call: output of type void [line: 3]
.   .   .   Child: 0  Op: [ of type int [line: 3]
.   .   .   .   Child: 0  Id: z [mem: Parameter loc: -2 size: 1] of array of type int [line: 3]
.   .   .   .   Child: 1  Const 7 of type int [line: 3]
.   .   Sibling: 1  Assign: = of type int [line: 4]
.   .   .   Child: 0  Op: [ of type int [line: 4]
.   .   .   .   Child: 0  Id: z [mem: Parameter loc: -2 size: 1] of array of type int [line: 4]
.   .   .   .   Child: 1  Const 7 of type int [line: 4]
.   .   .   Child: 1  Const 666 of type int [line: 4]
.   .   Sibling: 2  Call: outnl of type void [line: 5]
.   .   Sibling: 3  Return [line: 7]
.   .   .   Child: 0  Op: [ of type int [line: 7]
.   .   .   .   Child: 0  Id: z [mem: Parameter loc: -2 size: 1] of array of type int [line: 7]
.   .   .   .   Child: 1  Const 7 of type int [line: 7]
Sibling: 1  Func: two returns type int [line: 11]
.   Child: 0  Parm: y  array of type int [line: 11]
.   Child: 1  Compound [mem: None loc: 0 size: -3] [line: 11]
.   .   Child: 1  Call: output of type void [line: 12]
.   .   .   Child: 0  Op: [ of type int [line: 12]
.   .   .   .   Child: 0  Id: y [mem: Parameter loc: -2 size: 1] of array of type int [line: 12]
.   .   .   .   Child: 1  Const 7 of type int [line: 12]
.   .   Sibling: 1  Call: three of type int [line: 13]
.   .   .   Child: 0  Id: y [mem: Parameter loc: -2 size: 1] of array of type int [line: 13]
.   .   Sibling: 2  Call: output of type void [line: 14]
.   .   .   Child: 0  Op: [ of type int [line: 14]
.   .   .   .   Child: 0  Id: y [mem: Parameter loc: -2 size: 1] of array of type int [line: 14]
.   .   .   .   Child: 1  Const 7 of type int [line: 14]
.   .   Sibling: 3  Return [line: 16]
.   .   .   Child: 0  Op: [ of type int [line: 16]
.   .   .   .   Child: 0  Id: y [mem: Parameter loc: -2 size: 1] of array of type int [line: 16]
.   .   .   .   Child: 1  Const 7 of type int [line: 16]
Sibling: 2  Func: one returns type int [line: 20]
.   Child: 0  Parm: x  array of type int [line: 20]
.   Child: 1  Compound [mem: None loc: 0 size: -3] [line: 20]
.   .   Child: 1  Call: output of type void [line: 21]
.   .   .   Child: 0  Op: [ of type int [line: 21]
.   .   .   .   Child: 0  Id: x [mem: Parameter loc: -2 size: 1] of array of type int [line: 21]
.   .   .   .   Child: 1  Const 7 of type int [line: 21]
.   .   Sibling: 1  Call: two of type int [line: 22]
.   .   .   Child: 0  Id: x [mem: Parameter loc: -2 size: 1] of array of type int [line: 22]
.   .   Sibling: 2  Call: output of type void [line: 23]
.   .   .   Child: 0  Op: [ of type int [line: 23]
.   .   .   .   Child: 0  Id: x [mem: Parameter loc: -2 size: 1] of array of type int [line: 23]
.   .   .   .   Child: 1  Const 7 of type int [line: 23]
.   .   Sibling: 3  Return [line: 25]
.   .   .   Child: 0  Op: [ of type int [line: 25]
.   .   .   .   Child: 0  Id: x [mem: Parameter loc: -2 size: 1] of array of type int [line: 25]
.   .   .   .   Child: 1  Const 7 of type int [line: 25]
Sibling: 3  Func: main returns type void [line: 29]
.   Child: 1  Compound [mem: None loc: 0 size: -13] [line: 30]
.   .   Child: 0  Var: w  array of type int [line: 31]
.   .   Child: 1  Assign: = of type int [line: 33]
.   .   .   Child: 0  Op: [ of type int [line: 33]
.   .   .   .   Child: 0  Id: w [mem: Local loc: -3 size: 11] of array of type int [line: 33]
.   .   .   .   Child: 1  Const 7 of type int [line: 33]
.   .   .   Child: 1  Const 42 of type int [line: 33]
.   .   Sibling: 1  Call: output of type void [line: 34]
.   .   .   Child: 0  Call: one of type int [line: 34]
.   .   .   .   Child: 0  Id: w [mem: Local loc: -3 size: 11] of array of type int [line: 34]
.   .   Sibling: 2  Call: output of type void [line: 35]
.   .   .   Child: 0  Op: [ of type int [line: 35]
.   .   .   .   Child: 0  Id: w [mem: Local loc: -3 size: 11] of array of type int [line: 35]
.   .   .   .   Child: 1  Const 7 of type int [line: 35]
.   .   Sibling: 3  Call: outnl of type void [line: 36]
Number of warnings: 0
Number of errors: 0
