====================================
FILE: tinyInit.c-
WARNING(8): The variable 'b' seems not to be used.
WARNING(10): The variable 'c' seems not to be used.
WARNING(9): The variable 'y' seems not to be used.
WARNING(3): The variable 'a' seems not to be used.
WARNING(4): The variable 'x' seems not to be used.
Var: a  array of type int [line: 3]
Sibling: 1  Var: x  type int [line: 4]
.   Child: 0  Const 666 of type int [line: 4]
Sibling: 2  Func: main returns type void [line: 6]
.   Child: 1  Compound [mem: None loc: 0 size: -26] [line: 7]
.   .   Child: 0  Var: b  array of type int [line: 8]
.   .   Sibling: 1  Var: y  type int [line: 9]
.   .   .   Child: 0  Const 777 of type int [line: 9]
.   .   Sibling: 2  Var: c  static array of type int [line: 10]
.   .   Sibling: 3  Var: z  static type int [line: 11]
.   .   .   Child: 0  Const 888 of type int [line: 11]
.   .   Child: 1  Assign: = of type int [line: 13]
.   .   .   Child: 0  Id: z [mem: LocalStatic loc: -47 size: 1] of static type int [line: 13]
.   .   .   Child: 1  Const 999 of type int [line: 13]
Number of warnings: 5
Number of errors: 0
