====================================
FILE: tinyAssignChar.c-
WARNING(33): Variable 'zx' may be uninitialized when used here.
WARNING(33): Variable 'zy' may be uninitialized when used here.
Var: gx  type char [line: 2]
Sibling: 1  Var: gy  array of type char [line: 2]
Sibling: 2  Func: esperanza returns type void [line: 4]
.   Child: 0  Parm: px  type char [line: 4]
.   Sibling: 1  Parm: py  array of type char [line: 4]
.   Child: 1  Compound [mem: None loc: 0 size: -16] [line: 5]
.   .   Child: 0  Var: x  type char [line: 6]
.   .   Sibling: 1  Var: y  array of type char [line: 6]
.   .   Sibling: 2  Var: sx  static type char [line: 7]
.   .   Sibling: 3  Var: sy  static array of type char [line: 7]
.   .   Child: 1  Assign: = of type char [line: 9]
.   .   .   Child: 0  Id: gx [mem: Global loc: 0 size: 1] of type char [line: 9]
.   .   .   Child: 1  Const 'a' of type char [line: 9]
.   .   Sibling: 1  Call: outputc of type void [line: 10]
.   .   .   Child: 0  Id: gx [mem: Global loc: 0 size: 1] of type char [line: 10]
.   .   Sibling: 2  Assign: = of type char [line: 11]
.   .   .   Child: 0  Op: [ of type char [line: 11]
.   .   .   .   Child: 0  Id: gy [mem: Global loc: -2 size: 11] of array of type char [line: 11]
.   .   .   .   Child: 1  Const 9 of type int [line: 11]
.   .   .   Child: 1  Const 'b' of type char [line: 11]
.   .   Sibling: 3  Call: outputc of type void [line: 12]
.   .   .   Child: 0  Op: [ of type char [line: 12]
.   .   .   .   Child: 0  Id: gy [mem: Global loc: -2 size: 11] of array of type char [line: 12]
.   .   .   .   Child: 1  Const 9 of type int [line: 12]
.   .   Sibling: 4  Assign: = of type char [line: 13]
.   .   .   Child: 0  Id: x [mem: Local loc: -4 size: 1] of type char [line: 13]
.   .   .   Child: 1  Const 'c' of type char [line: 13]
.   .   Sibling: 5  Call: outputc of type void [line: 14]
.   .   .   Child: 0  Id: x [mem: Local loc: -4 size: 1] of type char [line: 14]
.   .   Sibling: 6  Assign: = of type char [line: 15]
.   .   .   Child: 0  Op: [ of type char [line: 15]
.   .   .   .   Child: 0  Id: y [mem: Local loc: -6 size: 11] of array of type char [line: 15]
.   .   .   .   Child: 1  Const 9 of type int [line: 15]
.   .   .   Child: 1  Const 'd' of type char [line: 15]
.   .   Sibling: 7  Call: outputc of type void [line: 16]
.   .   .   Child: 0  Op: [ of type char [line: 16]
.   .   .   .   Child: 0  Id: y [mem: Local loc: -6 size: 11] of array of type char [line: 16]
.   .   .   .   Child: 1  Const 9 of type int [line: 16]
.   .   Sibling: 8  Call: outnl of type void [line: 17]
.   .   Sibling: 9  Assign: = of type char [line: 18]
.   .   .   Child: 0  Id: px [mem: Parameter loc: -2 size: 1] of type char [line: 18]
.   .   .   Child: 1  Const 'e' of type char [line: 18]
.   .   Sibling: 10  Call: outputc of type void [line: 19]
.   .   .   Child: 0  Id: px [mem: Parameter loc: -2 size: 1] of type char [line: 19]
.   .   Sibling: 11  Assign: = of type char [line: 20]
.   .   .   Child: 0  Op: [ of type char [line: 20]
.   .   .   .   Child: 0  Id: py [mem: Parameter loc: -3 size: 1] of array of type char [line: 20]
.   .   .   .   Child: 1  Const 9 of type int [line: 20]
.   .   .   Child: 1  Const 'f' of type char [line: 20]
.   .   Sibling: 12  Call: outputc of type void [line: 21]
.   .   .   Child: 0  Op: [ of type char [line: 21]
.   .   .   .   Child: 0  Id: py [mem: Parameter loc: -3 size: 1] of array of type char [line: 21]
.   .   .   .   Child: 1  Const 9 of type int [line: 21]
.   .   Sibling: 13  Assign: = of type char [line: 22]
.   .   .   Child: 0  Id: sx [mem: LocalStatic loc: -12 size: 1] of static type char [line: 22]
.   .   .   Child: 1  Const 'f' of type char [line: 22]
.   .   Sibling: 14  Call: outputc of type void [line: 23]
.   .   .   Child: 0  Id: sx [mem: LocalStatic loc: -12 size: 1] of static type char [line: 23]
.   .   Sibling: 15  Assign: = of type char [line: 24]
.   .   .   Child: 0  Op: [ of type char [line: 24]
.   .   .   .   Child: 0  Id: sy [mem: LocalStatic loc: -14 size: 11] of static array of type char [line: 24]
.   .   .   .   Child: 1  Const 9 of type int [line: 24]
.   .   .   Child: 1  Const 'h' of type char [line: 24]
.   .   Sibling: 16  Call: outputc of type void [line: 25]
.   .   .   Child: 0  Op: [ of type char [line: 25]
.   .   .   .   Child: 0  Id: sy [mem: LocalStatic loc: -14 size: 11] of static array of type char [line: 25]
.   .   .   .   Child: 1  Const 9 of type int [line: 25]
.   .   Sibling: 17  Call: outnl of type void [line: 26]
Sibling: 3  Func: main returns type void [line: 30]
.   Child: 1  Compound [mem: None loc: 0 size: -14] [line: 31]
.   .   Child: 0  Var: zx  type char [line: 32]
.   .   Sibling: 1  Var: zy  array of type char [line: 32]
.   .   Child: 1  Call: esperanza of type void [line: 33]
.   .   .   Child: 0  Id: zx [mem: Local loc: -2 size: 1] of type char [line: 33]
.   .   .   Sibling: 1  Id: zy [mem: Local loc: -4 size: 11] of array of type char [line: 33]
Number of warnings: 2
Number of errors: 0
